<?xml version="1.0" encoding="UTF-8"?>
<coverage generated="1669497096795" clover="3.2.0">
  <project timestamp="1669497096795" name="All files">
    <metrics statements="29" coveredstatements="25" conditionals="6" coveredconditionals="4" methods="9" coveredmethods="6" elements="44" coveredelements="35" complexity="0" loc="29" ncloc="29" packages="5" files="6" classes="6"/>
    <package name="A-pass-tests.01-factorial">
      <metrics statements="7" coveredstatements="7" conditionals="0" coveredconditionals="0" methods="2" coveredmethods="2"/>
      <file name="factorial.js" path="C:\Users\KDagal\Desktop\CYF\Clone-projects\JavaScript\JS_Core3\consolidation_week\JavaScript-Core-3-Coursework-Week4\A-pass-tests\01-factorial\factorial.js">
        <metrics statements="7" coveredstatements="7" conditionals="0" coveredconditionals="0" methods="2" coveredmethods="2"/>
        <line num="12" count="6" type="stmt"/>
        <line num="13" count="6" type="stmt"/>
        <line num="14" count="18" type="stmt"/>
        <line num="18" count="6" type="stmt"/>
        <line num="19" count="18" type="stmt"/>
        <line num="22" count="1" type="stmt"/>
        <line num="26" count="1" type="stmt"/>
      </file>
    </package>
    <package name="A-pass-tests.02-get-average">
      <metrics statements="7" coveredstatements="7" conditionals="2" coveredconditionals="2" methods="2" coveredmethods="2"/>
      <file name="get-average.js" path="C:\Users\KDagal\Desktop\CYF\Clone-projects\JavaScript\JS_Core3\consolidation_week\JavaScript-Core-3-Coursework-Week4\A-pass-tests\02-get-average\get-average.js">
        <metrics statements="7" coveredstatements="7" conditionals="2" coveredconditionals="2" methods="2" coveredmethods="2"/>
        <line num="6" count="2" type="stmt"/>
        <line num="7" count="2" type="stmt"/>
        <line num="8" count="16" type="cond" truecount="2" falsecount="0"/>
        <line num="9" count="10" type="stmt"/>
        <line num="14" count="8" type="stmt"/>
        <line num="16" count="1" type="stmt"/>
        <line num="17" count="1" type="stmt"/>
      </file>
    </package>
    <package name="A-pass-tests.09-car-sales">
      <metrics statements="8" coveredstatements="8" conditionals="2" coveredconditionals="2" methods="2" coveredmethods="2"/>
      <file name="car-sales.js" path="C:\Users\KDagal\Desktop\CYF\Clone-projects\JavaScript\JS_Core3\consolidation_week\JavaScript-Core-3-Coursework-Week4\A-pass-tests\09-car-sales\car-sales.js">
        <metrics statements="8" coveredstatements="8" conditionals="2" coveredconditionals="2" methods="2" coveredmethods="2"/>
        <line num="2" count="1" type="stmt"/>
        <line num="3" count="7" type="stmt"/>
        <line num="4" count="7" type="stmt"/>
        <line num="6" count="7" type="cond" truecount="2" falsecount="0"/>
        <line num="7" count="3" type="stmt"/>
        <line num="9" count="4" type="stmt"/>
        <line num="12" count="7" type="stmt"/>
        <line num="22" count="1" type="stmt"/>
      </file>
    </package>
    <package name="B-write-tests.06-largest-number">
      <metrics statements="5" coveredstatements="1" conditionals="2" coveredconditionals="0" methods="1" coveredmethods="0"/>
      <file name="largest-number.js" path="C:\Users\KDagal\Desktop\CYF\Clone-projects\JavaScript\JS_Core3\consolidation_week\JavaScript-Core-3-Coursework-Week4\B-write-tests\06-largest-number\largest-number.js">
        <metrics statements="5" coveredstatements="1" conditionals="2" coveredconditionals="0" methods="1" coveredmethods="0"/>
        <line num="3" count="0" type="stmt"/>
        <line num="4" count="0" type="cond" truecount="0" falsecount="2"/>
        <line num="5" count="0" type="stmt"/>
        <line num="8" count="0" type="stmt"/>
        <line num="11" count="1" type="stmt"/>
      </file>
    </package>
    <package name="C-TDD.01-roman-numerals">
      <metrics statements="2" coveredstatements="2" conditionals="0" coveredconditionals="0" methods="2" coveredmethods="0"/>
      <file name="convert-to-new-roman.js" path="C:\Users\KDagal\Desktop\CYF\Clone-projects\JavaScript\JS_Core3\consolidation_week\JavaScript-Core-3-Coursework-Week4\C-TDD\01-roman-numerals\convert-to-new-roman.js">
        <metrics statements="1" coveredstatements="1" conditionals="0" coveredconditionals="0" methods="1" coveredmethods="0"/>
        <line num="5" count="1" type="stmt"/>
      </file>
      <file name="convert-to-old-roman.js" path="C:\Users\KDagal\Desktop\CYF\Clone-projects\JavaScript\JS_Core3\consolidation_week\JavaScript-Core-3-Coursework-Week4\C-TDD\01-roman-numerals\convert-to-old-roman.js">
        <metrics statements="1" coveredstatements="1" conditionals="0" coveredconditionals="0" methods="1" coveredmethods="0"/>
        <line num="5" count="1" type="stmt"/>
      </file>
    </package>
  </project>
</coverage>
