{"C:\\Users\\KDagal\\Desktop\\CYF\\Clone-projects\\JavaScript\\JS_Core3\\consolidation_week\\JavaScript-Core-3-Coursework-Week4\\A-pass-tests\\01-factorial\\factorial.js": {"path":"C:\\Users\\KDagal\\Desktop\\CYF\\Clone-projects\\JavaScript\\JS_Core3\\consolidation_week\\JavaScript-Core-3-Coursework-Week4\\A-pass-tests\\01-factorial\\factorial.js","statementMap":{"0":{"start":{"line":12,"column":20},"end":{"line":12,"column":24}},"1":{"start":{"line":13,"column":4},"end":{"line":16,"column":5}},"2":{"start":{"line":13,"column":17},"end":{"line":13,"column":18}},"3":{"start":{"line":14,"column":8},"end":{"line":14,"column":26}},"4":{"start":{"line":18,"column":4},"end":{"line":20,"column":7}},"5":{"start":{"line":19,"column":8},"end":{"line":19,"column":21}},"6":{"start":{"line":22,"column":0},"end":{"line":22,"column":26}},"7":{"start":{"line":26,"column":0},"end":{"line":26,"column":27}}},"fnMap":{"0":{"name":"factorial","decl":{"start":{"line":11,"column":9},"end":{"line":11,"column":18}},"loc":{"start":{"line":11,"column":24},"end":{"line":21,"column":1}},"line":11},"1":{"name":"(anonymous_1)","decl":{"start":{"line":18,"column":28},"end":{"line":18,"column":29}},"loc":{"start":{"line":18,"column":38},"end":{"line":20,"column":5}},"line":18}},"branchMap":{},"s":{"0":6,"1":6,"2":6,"3":18,"4":6,"5":18,"6":1,"7":1},"f":{"0":6,"1":18},"b":{},"_coverageSchema":"1a1c01bbd47fc00a2c39e90264f33305004495a9","hash":"e7a101cb0b9c0f9430e29c4ca2896cd4661d1d30"}
,"C:\\Users\\KDagal\\Desktop\\CYF\\Clone-projects\\JavaScript\\JS_Core3\\consolidation_week\\JavaScript-Core-3-Coursework-Week4\\A-pass-tests\\02-get-average\\get-average.js": {"path":"C:\\Users\\KDagal\\Desktop\\CYF\\Clone-projects\\JavaScript\\JS_Core3\\consolidation_week\\JavaScript-Core-3-Coursework-Week4\\A-pass-tests\\02-get-average\\get-average.js","statementMap":{"0":{"start":{"line":6,"column":20},"end":{"line":6,"column":22}},"1":{"start":{"line":7,"column":4},"end":{"line":12,"column":5}},"2":{"start":{"line":7,"column":17},"end":{"line":7,"column":18}},"3":{"start":{"line":8,"column":4},"end":{"line":10,"column":5}},"4":{"start":{"line":9,"column":8},"end":{"line":9,"column":32}},"5":{"start":{"line":14,"column":4},"end":{"line":14,"column":55}},"6":{"start":{"line":14,"column":35},"end":{"line":14,"column":38}},"7":{"start":{"line":16,"column":0},"end":{"line":16,"column":59}},"8":{"start":{"line":17,"column":0},"end":{"line":17,"column":25}}},"fnMap":{"0":{"name":"average","decl":{"start":{"line":5,"column":9},"end":{"line":5,"column":16}},"loc":{"start":{"line":5,"column":26},"end":{"line":15,"column":1}},"line":5},"1":{"name":"(anonymous_1)","decl":{"start":{"line":14,"column":26},"end":{"line":14,"column":27}},"loc":{"start":{"line":14,"column":35},"end":{"line":14,"column":38}},"line":14}},"branchMap":{"0":{"loc":{"start":{"line":8,"column":4},"end":{"line":10,"column":5}},"type":"if","locations":[{"start":{"line":8,"column":4},"end":{"line":10,"column":5}},{"start":{},"end":{}}],"line":8}},"s":{"0":2,"1":2,"2":2,"3":16,"4":10,"5":2,"6":8,"7":1,"8":1},"f":{"0":2,"1":8},"b":{"0":[10,6]},"_coverageSchema":"1a1c01bbd47fc00a2c39e90264f33305004495a9","hash":"d9524c1726fa4f8577df24887c303d7ef90802f6"}
,"C:\\Users\\KDagal\\Desktop\\CYF\\Clone-projects\\JavaScript\\JS_Core3\\consolidation_week\\JavaScript-Core-3-Coursework-Week4\\A-pass-tests\\09-car-sales\\car-sales.js": {"path":"C:\\Users\\KDagal\\Desktop\\CYF\\Clone-projects\\JavaScript\\JS_Core3\\consolidation_week\\JavaScript-Core-3-Coursework-Week4\\A-pass-tests\\09-car-sales\\car-sales.js","statementMap":{"0":{"start":{"line":2,"column":14},"end":{"line":13,"column":6}},"1":{"start":{"line":2,"column":24},"end":{"line":13,"column":6}},"2":{"start":{"line":3,"column":15},"end":{"line":3,"column":31}},"3":{"start":{"line":4,"column":16},"end":{"line":4,"column":33}},"4":{"start":{"line":6,"column":2},"end":{"line":10,"column":3}},"5":{"start":{"line":7,"column":4},"end":{"line":7,"column":34}},"6":{"start":{"line":9,"column":4},"end":{"line":9,"column":22}},"7":{"start":{"line":12,"column":2},"end":{"line":12,"column":13}},"8":{"start":{"line":22,"column":0},"end":{"line":22,"column":23}}},"fnMap":{"0":{"name":"(anonymous_0)","decl":{"start":{"line":2,"column":14},"end":{"line":2,"column":15}},"loc":{"start":{"line":2,"column":24},"end":{"line":13,"column":6}},"line":2},"1":{"name":"(anonymous_1)","decl":{"start":{"line":2,"column":36},"end":{"line":2,"column":37}},"loc":{"start":{"line":2,"column":58},"end":{"line":13,"column":1}},"line":2}},"branchMap":{"0":{"loc":{"start":{"line":6,"column":2},"end":{"line":10,"column":3}},"type":"if","locations":[{"start":{"line":6,"column":2},"end":{"line":10,"column":3}},{"start":{"line":8,"column":9},"end":{"line":10,"column":3}}],"line":6}},"s":{"0":1,"1":1,"2":7,"3":7,"4":7,"5":3,"6":4,"7":7,"8":1},"f":{"0":1,"1":7},"b":{"0":[3,4]},"_coverageSchema":"1a1c01bbd47fc00a2c39e90264f33305004495a9","hash":"b83222a7efeabc8a416113b74ca87485b7430bf5"}
,"C:\\Users\\KDagal\\Desktop\\CYF\\Clone-projects\\JavaScript\\JS_Core3\\consolidation_week\\JavaScript-Core-3-Coursework-Week4\\B-write-tests\\03-remove-vowels-from-array\\remove-vowels-in-array.js": {"path":"C:\\Users\\KDagal\\Desktop\\CYF\\Clone-projects\\JavaScript\\JS_Core3\\consolidation_week\\JavaScript-Core-3-Coursework-Week4\\B-write-tests\\03-remove-vowels-from-array\\remove-vowels-in-array.js","statementMap":{"0":{"start":{"line":1,"column":19},"end":{"line":1,"column":45}},"1":{"start":{"line":4,"column":15},"end":{"line":6,"column":4}},"2":{"start":{"line":5,"column":4},"end":{"line":5,"column":30}},"3":{"start":{"line":8,"column":2},"end":{"line":8,"column":16}},"4":{"start":{"line":13,"column":0},"end":{"line":13,"column":39}}},"fnMap":{"0":{"name":"removeVowelsFromWords","decl":{"start":{"line":3,"column":9},"end":{"line":3,"column":30}},"loc":{"start":{"line":3,"column":38},"end":{"line":9,"column":1}},"line":3},"1":{"name":"(anonymous_1)","decl":{"start":{"line":4,"column":25},"end":{"line":4,"column":26}},"loc":{"start":{"line":4,"column":41},"end":{"line":6,"column":3}},"line":4}},"branchMap":{},"s":{"0":1,"1":1,"2":3,"3":1,"4":1},"f":{"0":1,"1":3},"b":{},"_coverageSchema":"1a1c01bbd47fc00a2c39e90264f33305004495a9","hash":"3d8fe8b6ae93b7750e989a1ab7bf8bc6900b58cf"}
,"C:\\Users\\KDagal\\Desktop\\CYF\\Clone-projects\\JavaScript\\JS_Core3\\consolidation_week\\JavaScript-Core-3-Coursework-Week4\\B-write-tests\\03-remove-vowels-from-array\\remove-vowels.js": {"path":"C:\\Users\\KDagal\\Desktop\\CYF\\Clone-projects\\JavaScript\\JS_Core3\\consolidation_week\\JavaScript-Core-3-Coursework-Week4\\B-write-tests\\03-remove-vowels-from-array\\remove-vowels.js","statementMap":{"0":{"start":{"line":2,"column":19},"end":{"line":2,"column":33}},"1":{"start":{"line":4,"column":15},"end":{"line":4,"column":17}},"2":{"start":{"line":6,"column":2},"end":{"line":21,"column":5}},"3":{"start":{"line":7,"column":4},"end":{"line":20,"column":5}},"4":{"start":{"line":19,"column":6},"end":{"line":19,"column":29}},"5":{"start":{"line":23,"column":2},"end":{"line":23,"column":25}},"6":{"start":{"line":26,"column":0},"end":{"line":26,"column":30}}},"fnMap":{"0":{"name":"removeVowels","decl":{"start":{"line":1,"column":9},"end":{"line":1,"column":21}},"loc":{"start":{"line":1,"column":28},"end":{"line":24,"column":1}},"line":1},"1":{"name":"(anonymous_1)","decl":{"start":{"line":6,"column":21},"end":{"line":6,"column":22}},"loc":{"start":{"line":6,"column":42},"end":{"line":21,"column":3}},"line":6}},"branchMap":{"0":{"loc":{"start":{"line":7,"column":4},"end":{"line":20,"column":5}},"type":"if","locations":[{"start":{"line":7,"column":4},"end":{"line":20,"column":5}},{"start":{},"end":{}}],"line":7},"1":{"loc":{"start":{"line":8,"column":6},"end":{"line":17,"column":23}},"type":"binary-expr","locations":[{"start":{"line":8,"column":6},"end":{"line":8,"column":23}},{"start":{"line":9,"column":6},"end":{"line":9,"column":23}},{"start":{"line":10,"column":6},"end":{"line":10,"column":23}},{"start":{"line":11,"column":6},"end":{"line":11,"column":23}},{"start":{"line":12,"column":6},"end":{"line":12,"column":23}},{"start":{"line":13,"column":6},"end":{"line":13,"column":23}},{"start":{"line":14,"column":6},"end":{"line":14,"column":23}},{"start":{"line":15,"column":6},"end":{"line":15,"column":23}},{"start":{"line":16,"column":6},"end":{"line":16,"column":23}},{"start":{"line":17,"column":6},"end":{"line":17,"column":23}}],"line":8}},"s":{"0":3,"1":3,"2":3,"3":15,"4":7,"5":3,"6":1},"f":{"0":3,"1":15},"b":{"0":[7,8],"1":[15,15,12,12,12,11,9,8,7,7]},"_coverageSchema":"1a1c01bbd47fc00a2c39e90264f33305004495a9","hash":"7dabc56a145fb3692a0a0eea6dcaee8e471a6237"}
,"C:\\Users\\KDagal\\Desktop\\CYF\\Clone-projects\\JavaScript\\JS_Core3\\consolidation_week\\JavaScript-Core-3-Coursework-Week4\\B-write-tests\\06-largest-number\\largest-number.js": {"path":"C:\\Users\\KDagal\\Desktop\\CYF\\Clone-projects\\JavaScript\\JS_Core3\\consolidation_week\\JavaScript-Core-3-Coursework-Week4\\B-write-tests\\06-largest-number\\largest-number.js","statementMap":{"0":{"start":{"line":3,"column":2},"end":{"line":7,"column":3}},"1":{"start":{"line":3,"column":15},"end":{"line":3,"column":16}},"2":{"start":{"line":4,"column":4},"end":{"line":6,"column":5}},"3":{"start":{"line":5,"column":6},"end":{"line":5,"column":31}},"4":{"start":{"line":8,"column":2},"end":{"line":8,"column":23}},"5":{"start":{"line":11,"column":0},"end":{"line":11,"column":34}}},"fnMap":{"0":{"name":"getLargestNumber","decl":{"start":{"line":1,"column":9},"end":{"line":1,"column":25}},"loc":{"start":{"line":1,"column":33},"end":{"line":9,"column":1}},"line":1}},"branchMap":{"0":{"loc":{"start":{"line":4,"column":4},"end":{"line":6,"column":5}},"type":"if","locations":[{"start":{"line":4,"column":4},"end":{"line":6,"column":5}},{"start":{},"end":{}}],"line":4}},"s":{"0":0,"1":0,"2":0,"3":0,"4":0,"5":1},"f":{"0":0},"b":{"0":[0,0]},"_coverageSchema":"1a1c01bbd47fc00a2c39e90264f33305004495a9","hash":"1e80cd5eb7dcdcbd165be0902b643e459a771c88"}
,"C:\\Users\\KDagal\\Desktop\\CYF\\Clone-projects\\JavaScript\\JS_Core3\\consolidation_week\\JavaScript-Core-3-Coursework-Week4\\C-TDD\\01-roman-numerals\\convert-to-new-roman.js": {"path":"C:\\Users\\KDagal\\Desktop\\CYF\\Clone-projects\\JavaScript\\JS_Core3\\consolidation_week\\JavaScript-Core-3-Coursework-Week4\\C-TDD\\01-roman-numerals\\convert-to-new-roman.js","statementMap":{"0":{"start":{"line":5,"column":0},"end":{"line":5,"column":35}}},"fnMap":{"0":{"name":"convertToNewRoman","decl":{"start":{"line":1,"column":9},"end":{"line":1,"column":26}},"loc":{"start":{"line":1,"column":30},"end":{"line":3,"column":1}},"line":1}},"branchMap":{},"s":{"0":1},"f":{"0":0},"b":{},"_coverageSchema":"1a1c01bbd47fc00a2c39e90264f33305004495a9","hash":"4be6bc086a633ebde9f81f3335b5869fd8f64f64"}
,"C:\\Users\\KDagal\\Desktop\\CYF\\Clone-projects\\JavaScript\\JS_Core3\\consolidation_week\\JavaScript-Core-3-Coursework-Week4\\C-TDD\\01-roman-numerals\\convert-to-old-roman.js": {"path":"C:\\Users\\KDagal\\Desktop\\CYF\\Clone-projects\\JavaScript\\JS_Core3\\consolidation_week\\JavaScript-Core-3-Coursework-Week4\\C-TDD\\01-roman-numerals\\convert-to-old-roman.js","statementMap":{"0":{"start":{"line":5,"column":0},"end":{"line":5,"column":35}}},"fnMap":{"0":{"name":"convertToOldRoman","decl":{"start":{"line":1,"column":9},"end":{"line":1,"column":26}},"loc":{"start":{"line":1,"column":30},"end":{"line":3,"column":1}},"line":1}},"branchMap":{},"s":{"0":1},"f":{"0":0},"b":{},"_coverageSchema":"1a1c01bbd47fc00a2c39e90264f33305004495a9","hash":"a0813636bd24fa2ada1f2b3fb40a111dc3ce26e3"}
}
