TN:
SF:A-pass-tests\01-factorial\factorial.js
FN:11,factorial
FN:18,(anonymous_1)
FNF:2
FNH:2
FNDA:6,factorial
FNDA:18,(anonymous_1)
DA:12,6
DA:13,6
DA:14,18
DA:18,6
DA:19,18
DA:22,1
DA:26,1
LF:7
LH:7
BRF:0
BRH:0
end_of_record
TN:
SF:A-pass-tests\02-get-average\get-average.js
FN:5,average
FN:14,(anonymous_1)
FNF:2
FNH:2
FNDA:2,average
FNDA:8,(anonymous_1)
DA:6,2
DA:7,2
DA:8,16
DA:9,10
DA:14,8
DA:16,1
DA:17,1
LF:7
LH:7
BRDA:8,0,0,10
BRDA:8,0,1,6
BRF:2
BRH:2
end_of_record
TN:
SF:A-pass-tests\09-car-sales\car-sales.js
FN:2,(anonymous_0)
FN:2,(anonymous_1)
FNF:2
FNH:2
FNDA:1,(anonymous_0)
FNDA:7,(anonymous_1)
DA:2,1
DA:3,7
DA:4,7
DA:6,7
DA:7,3
DA:9,4
DA:12,7
DA:22,1
LF:8
LH:8
BRDA:6,0,0,3
BRDA:6,0,1,4
BRF:2
BRH:2
end_of_record
TN:
SF:B-write-tests\06-largest-number\largest-number.js
FN:1,getLargestNumber
FNF:1
FNH:0
FNDA:0,getLargestNumber
DA:3,0
DA:4,0
DA:5,0
DA:8,0
DA:11,1
LF:5
LH:1
BRDA:4,0,0,0
BRDA:4,0,1,0
BRF:2
BRH:0
end_of_record
TN:
SF:C-TDD\01-roman-numerals\convert-to-new-roman.js
FN:1,convertToNewRoman
FNF:1
FNH:0
FNDA:0,convertToNewRoman
DA:5,1
LF:1
LH:1
BRF:0
BRH:0
end_of_record
TN:
SF:C-TDD\01-roman-numerals\convert-to-old-roman.js
FN:1,convertToOldRoman
FNF:1
FNH:0
FNDA:0,convertToOldRoman
DA:5,1
LF:1
LH:1
BRF:0
BRH:0
end_of_record
